<?xml version="1.0" encoding="UTF-8"?>
<!-- Generated by org.testng.reporters.JUnitReportReporter -->
<testsuite skipped="0" hostname="M-C02WP08WHTD8.hbc.com" name="OMS.POSEIDON.Baytest" tests="1" failures="0" timestamp="27 Nov 2018 09:35:42 GMT" time="51.252" errors="0">
  <testcase name="TestForWebcomSIngleLine" time="51.252" classname="OMS.POSEIDON.Baytest"/>
</testsuite> <!-- OMS.POSEIDON.Baytest -->
