<?xml version="1.0" encoding="UTF-8"?>
<!-- Generated by org.testng.reporters.JUnitReportReporter -->
<testsuite skipped="2" hostname="M-C02WP08THTD8.hbc.com" name="com.BaseClass.SingleLineAllTenderTypes" tests="3" failures="0" timestamp="22 Nov 2018 07:39:50 GMT" time="0.010" errors="0">
  <testcase name="SinglineVisa" time="0.010" classname="com.BaseClass.SingleLineAllTenderTypes"/>
  <testcase name="singleLineDiscover" classname="com.BaseClass.SingleLineAllTenderTypes">
    <skipped/>
  </testcase> <!-- singleLineDiscover -->
  <testcase name="SingleLineMastercard" classname="com.BaseClass.SingleLineAllTenderTypes">
    <skipped/>
  </testcase> <!-- SingleLineMastercard -->
</testsuite> <!-- com.BaseClass.SingleLineAllTenderTypes -->
