<?xml version="1.0" encoding="UTF-8"?>
<!-- Generated by org.testng.reporters.JUnitReportReporter -->
<testsuite skipped="0" hostname="c-cnu22803ql.hbc.com" name="OMS.POSEIDON.Tests" tests="1" failures="0" timestamp="18 Nov 2018 17:03:43 GMT" time="187.413" errors="0">
  <testcase name="LTWEBCreateOrder" time="187.413" classname="OMS.POSEIDON.Tests"/>
</testsuite> <!-- OMS.POSEIDON.Tests -->
