<?xml version="1.0" encoding="UTF-8"?>
<!-- Generated by org.testng.reporters.JUnitReportReporter -->
<testsuite skipped="0" hostname="M-C02WP08THTD8.hbc.com" name="OMS.POSEIDON.Tests" tests="1" failures="0" timestamp="23 Nov 2018 13:09:50 GMT" time="1023.080" errors="0">
  <testcase name="TestsForSAKS" time="1023.080" classname="OMS.POSEIDON.Tests"/>
</testsuite> <!-- OMS.POSEIDON.Tests -->
