<?xml version="1.0" encoding="UTF-8"?>
<!-- Generated by org.testng.reporters.JUnitReportReporter -->
<testsuite skipped="0" hostname="MacBook-Pro.local" name="OMS.POSEIDON.Tests" tests="1" failures="0" timestamp="21 Nov 2018 10:35:54 GMT" time="308.748" errors="0">
  <testcase name="TestsForSAKS" time="308.748" classname="OMS.POSEIDON.Tests"/>
</testsuite> <!-- OMS.POSEIDON.Tests -->
