<?xml version="1.0" encoding="UTF-8"?>
<!-- Generated by org.testng.reporters.JUnitReportReporter -->
<testsuite skipped="0" hostname="M-C02WP08THTD8.hbc.com" name="OMS.POSEIDON.Baytest" tests="1" failures="0" timestamp="26 Nov 2018 09:52:27 GMT" time="992.206" errors="0">
  <testcase name="TestsForSAKS" time="992.206" classname="OMS.POSEIDON.Baytest"/>
</testsuite> <!-- OMS.POSEIDON.Baytest -->
