<?xml version="1.0" encoding="UTF-8"?>
<!-- Generated by org.testng.reporters.JUnitReportReporter -->
<<<<<<< HEAD
<testsuite skipped="1" hostname="M-C02WP08THTD8.hbc.com" name="OMS.POSEIDON.Tests" tests="2" failures="0" timestamp="26 Nov 2018 07:43:54 GMT" time="1292.556" errors="1">
  <testcase name="TestsForSAKS" time="1292.556" classname="OMS.POSEIDON.Tests">
    <error type="org.apache.http.client.HttpResponseException" message="Bad Request">
      <![CDATA[org.apache.http.client.HttpResponseException: Bad Request
at org.apache.http.impl.client.AbstractResponseHandler.handleResponse(AbstractResponseHandler.java:69)
at org.apache.http.impl.client.BasicResponseHandler.handleResponse(BasicResponseHandler.java:65)
at org.apache.http.impl.client.BasicResponseHandler.handleResponse(BasicResponseHandler.java:51)
at org.apache.http.impl.client.CloseableHttpClient.execute(CloseableHttpClient.java:222)
at org.apache.http.impl.client.CloseableHttpClient.execute(CloseableHttpClient.java:164)
at org.apache.http.impl.client.CloseableHttpClient.execute(CloseableHttpClient.java:139)
at oms.Poseidon.Webservices.OMSCalls.getOrderStatus(OMSCalls.java:122)
at OMS.POSEIDON.Tests.TestsForSAKS(Tests.java:47)
=======
<testsuite skipped="1" hostname="M-C02WP08THTD8.hbc.com" name="OMS.POSEIDON.Tests" tests="2" failures="1" timestamp="27 Nov 2018 07:18:42 GMT" time="110.543" errors="0">
  <testcase name="TestsForSAKSMQ" time="110.543" classname="OMS.POSEIDON.Tests">
    <failure type="java.lang.AssertionError" message="expected [false] but found [true]">
      <![CDATA[java.lang.AssertionError: expected [false] but found [true]
at org.testng.Assert.fail(Assert.java:96)
at org.testng.Assert.failNotEquals(Assert.java:776)
at org.testng.Assert.assertEqualsImpl(Assert.java:137)
at org.testng.Assert.assertEquals(Assert.java:118)
at org.testng.Assert.assertEquals(Assert.java:568)
at org.testng.Assert.assertEquals(Assert.java:578)
at com.BaseClass.MultiqunatityAllTenderTypes.MultiLineAmex(MultiqunatityAllTenderTypes.java:154)
at OMS.POSEIDON.Tests.TestsForSAKSMQ(Tests.java:73)
>>>>>>> branch 'master' of https://github.com/kaidhar/Poseidon.git
at sun.reflect.NativeMethodAccessorImpl.invoke0(Native Method)
at sun.reflect.NativeMethodAccessorImpl.invoke(NativeMethodAccessorImpl.java:62)
at sun.reflect.DelegatingMethodAccessorImpl.invoke(DelegatingMethodAccessorImpl.java:43)
at java.lang.reflect.Method.invoke(Method.java:498)
at org.testng.internal.MethodInvocationHelper.invokeMethod(MethodInvocationHelper.java:124)
at org.testng.internal.Invoker.invokeMethod(Invoker.java:580)
at org.testng.internal.Invoker.invokeTestMethod(Invoker.java:716)
at org.testng.internal.Invoker.invokeTestMethods(Invoker.java:988)
at org.testng.internal.TestMethodWorker.invokeTestMethods(TestMethodWorker.java:125)
at org.testng.internal.TestMethodWorker.run(TestMethodWorker.java:109)
at org.testng.TestRunner.privateRun(TestRunner.java:648)
at org.testng.TestRunner.run(TestRunner.java:505)
at org.testng.SuiteRunner.runTest(SuiteRunner.java:455)
at org.testng.SuiteRunner.runSequentially(SuiteRunner.java:450)
at org.testng.SuiteRunner.privateRun(SuiteRunner.java:415)
at org.testng.SuiteRunner.run(SuiteRunner.java:364)
at org.testng.SuiteRunnerWorker.runSuite(SuiteRunnerWorker.java:52)
at org.testng.SuiteRunnerWorker.run(SuiteRunnerWorker.java:84)
at org.testng.TestNG.runSuitesSequentially(TestNG.java:1208)
at org.testng.TestNG.runSuitesLocally(TestNG.java:1137)
at org.testng.TestNG.runSuites(TestNG.java:1049)
at org.testng.TestNG.run(TestNG.java:1017)
at org.testng.remote.AbstractRemoteTestNG.run(AbstractRemoteTestNG.java:114)
at org.testng.remote.RemoteTestNG.initAndRun(RemoteTestNG.java:251)
at org.testng.remote.RemoteTestNG.main(RemoteTestNG.java:77)
]]>
<<<<<<< HEAD
    </error>
=======
    </failure>
  </testcase> <!-- TestsForSAKSMQ -->
  <testcase name="TestsForSAKS" classname="OMS.POSEIDON.Tests">
    <skipped/>
>>>>>>> branch 'master' of https://github.com/kaidhar/Poseidon.git
  </testcase> <!-- TestsForSAKS -->
  <testcase name="TestsForSAKSMQ" classname="OMS.POSEIDON.Tests">
    <skipped/>
  </testcase> <!-- TestsForSAKSMQ -->
</testsuite> <!-- OMS.POSEIDON.Tests -->
